Determining if the pthread_create exist failed with the following output:
Change Dir: /home/kgabel/collab_orb_slam2/build/CMakeFiles/CMakeTmp

Run Build Command:"/usr/bin/make" "cmTC_cab07/fast"
/usr/bin/make -f CMakeFiles/cmTC_cab07.dir/build.make CMakeFiles/cmTC_cab07.dir/build
make[1]: Entering directory '/home/kgabel/collab_orb_slam2/build/CMakeFiles/CMakeTmp'
Building C object CMakeFiles/cmTC_cab07.dir/CheckSymbolExists.c.o
/usr/bin/cc   -Wall  -O3 -march=native     -o CMakeFiles/cmTC_cab07.dir/CheckSymbolExists.c.o   -c /home/kgabel/collab_orb_slam2/build/CMakeFiles/CMakeTmp/CheckSymbolExists.c
Linking C executable cmTC_cab07
/usr/bin/cmake -E cmake_link_script CMakeFiles/cmTC_cab07.dir/link.txt --verbose=1
/usr/bin/cc   -Wall  -O3 -march=native      -rdynamic CMakeFiles/cmTC_cab07.dir/CheckSymbolExists.c.o  -o cmTC_cab07 
CMakeFiles/cmTC_cab07.dir/CheckSymbolExists.c.o: In function `main':
CheckSymbolExists.c:(.text.startup+0x3): undefined reference to `pthread_create'
collect2: error: ld returned 1 exit status
CMakeFiles/cmTC_cab07.dir/build.make:97: recipe for target 'cmTC_cab07' failed
make[1]: *** [cmTC_cab07] Error 1
make[1]: Leaving directory '/home/kgabel/collab_orb_slam2/build/CMakeFiles/CMakeTmp'
Makefile:126: recipe for target 'cmTC_cab07/fast' failed
make: *** [cmTC_cab07/fast] Error 2

File /home/kgabel/collab_orb_slam2/build/CMakeFiles/CMakeTmp/CheckSymbolExists.c:
/* */
#include <pthread.h>

int main(int argc, char** argv)
{
  (void)argv;
#ifndef pthread_create
  return ((int*)(&pthread_create))[argc];
#else
  (void)argc;
  return 0;
#endif
}

Determining if the function pthread_create exists in the pthreads failed with the following output:
Change Dir: /home/kgabel/collab_orb_slam2/build/CMakeFiles/CMakeTmp

Run Build Command:"/usr/bin/make" "cmTC_f0c72/fast"
/usr/bin/make -f CMakeFiles/cmTC_f0c72.dir/build.make CMakeFiles/cmTC_f0c72.dir/build
make[1]: Entering directory '/home/kgabel/collab_orb_slam2/build/CMakeFiles/CMakeTmp'
Building C object CMakeFiles/cmTC_f0c72.dir/CheckFunctionExists.c.o
/usr/bin/cc   -Wall  -O3 -march=native  -DCHECK_FUNCTION_EXISTS=pthread_create   -o CMakeFiles/cmTC_f0c72.dir/CheckFunctionExists.c.o   -c /usr/share/cmake-3.10/Modules/CheckFunctionExists.c
Linking C executable cmTC_f0c72
/usr/bin/cmake -E cmake_link_script CMakeFiles/cmTC_f0c72.dir/link.txt --verbose=1
/usr/bin/cc   -Wall  -O3 -march=native  -DCHECK_FUNCTION_EXISTS=pthread_create    -rdynamic CMakeFiles/cmTC_f0c72.dir/CheckFunctionExists.c.o  -o cmTC_f0c72 -lpthreads 
/usr/bin/ld: cannot find -lpthreads
collect2: error: ld returned 1 exit status
CMakeFiles/cmTC_f0c72.dir/build.make:97: recipe for target 'cmTC_f0c72' failed
make[1]: *** [cmTC_f0c72] Error 1
make[1]: Leaving directory '/home/kgabel/collab_orb_slam2/build/CMakeFiles/CMakeTmp'
Makefile:126: recipe for target 'cmTC_f0c72/fast' failed
make: *** [cmTC_f0c72/fast] Error 2


